<?xml version="1.0" encoding="UTF-8"?>
<!-- Generated by org.testng.reporters.JUnitReportReporter -->
<testsuite hostname="LAPTOP-9U42SIG1" name="example.NewTest" tests="1" failures="0" timestamp="26 Mar 2021 19:08:15 GMT" time="2.736" errors="0">
  <testcase name="testEasy" time="2.736" classname="example.NewTest"/>
</testsuite> <!-- example.NewTest -->
